[0308/143041.183:ERROR:crash_report_database_win.cc(580)] CreateDirectory C:\ProgramData\Safe Family\Logs: Access is denied. (0x5)
[0308/143041.190:ERROR:registration_protocol_win.cc(84)] TransactNamedPipe: The pipe has been ended. (0x6D)
[0308/143041.191:ERROR:crash_report_database_win.cc(580)] CreateDirectory C:\ProgramData\Safe Family\Logs: Access is denied. (0x5)
[0308/163753.802:ERROR:crash_report_database_win.cc(580)] CreateDirectory C:\ProgramData\Safe Family\Logs: Access is denied. (0x5)
[0308/163753.807:ERROR:registration_protocol_win.cc(84)] TransactNamedPipe: The pipe has been ended. (0x6D)
[0308/163753.808:ERROR:crash_report_database_win.cc(580)] CreateDirectory C:\ProgramData\Safe Family\Logs: Access is denied. (0x5)
[0308/182710.989:ERROR:crash_report_database_win.cc(580)] CreateDirectory C:\ProgramData\Safe Family\Logs: Access is denied. (0x5)
[0308/182710.995:ERROR:registration_protocol_win.cc(84)] TransactNamedPipe: The pipe has been ended. (0x6D)
[0308/182710.996:ERROR:crash_report_database_win.cc(580)] CreateDirectory C:\ProgramData\Safe Family\Logs: Access is denied. (0x5)
[0310/183354.010:ERROR:crash_report_database_win.cc(580)] CreateDirectory C:\ProgramData\Safe Family\Logs: Access is denied. (0x5)
[0310/183354.015:ERROR:registration_protocol_win.cc(84)] TransactNamedPipe: The pipe has been ended. (0x6D)
[0310/183354.016:ERROR:crash_report_database_win.cc(580)] CreateDirectory C:\ProgramData\Safe Family\Logs: Access is denied. (0x5)
[0310/183650.366:ERROR:crash_report_database_win.cc(580)] CreateDirectory C:\ProgramData\Safe Family\Logs: Access is denied. (0x5)
[0310/183650.375:ERROR:registration_protocol_win.cc(84)] TransactNamedPipe: The pipe has been ended. (0x6D)
[0310/183650.376:ERROR:crash_report_database_win.cc(580)] CreateDirectory C:\ProgramData\Safe Family\Logs: Access is denied. (0x5)
[0310/184700.130:ERROR:crash_report_database_win.cc(580)] CreateDirectory C:\ProgramData\Safe Family\Logs: Access is denied. (0x5)
[0310/184700.138:ERROR:registration_protocol_win.cc(84)] TransactNamedPipe: The pipe has been ended. (0x6D)
[0310/184700.139:ERROR:crash_report_database_win.cc(580)] CreateDirectory C:\ProgramData\Safe Family\Logs: Access is denied. (0x5)
[0310/192121.932:ERROR:crash_report_database_win.cc(580)] CreateDirectory C:\ProgramData\Safe Family\Logs: Access is denied. (0x5)
[0310/192121.937:ERROR:registration_protocol_win.cc(84)] TransactNamedPipe: The pipe has been ended. (0x6D)
[0310/192121.937:ERROR:crash_report_database_win.cc(580)] CreateDirectory C:\ProgramData\Safe Family\Logs: Access is denied. (0x5)
[0310/192521.587:ERROR:crash_report_database_win.cc(580)] CreateDirectory C:\ProgramData\Safe Family\Logs: Access is denied. (0x5)
[0310/192521.596:ERROR:registration_protocol_win.cc(84)] TransactNamedPipe: The pipe has been ended. (0x6D)
[0310/192521.598:ERROR:crash_report_database_win.cc(580)] CreateDirectory C:\ProgramData\Safe Family\Logs: Access is denied. (0x5)
[0310/192857.611:ERROR:crash_report_database_win.cc(580)] CreateDirectory C:\ProgramData\Safe Family\Logs: Access is denied. (0x5)
[0310/192857.618:ERROR:registration_protocol_win.cc(84)] TransactNamedPipe: The pipe has been ended. (0x6D)
[0310/192857.619:ERROR:crash_report_database_win.cc(580)] CreateDirectory C:\ProgramData\Safe Family\Logs: Access is denied. (0x5)
[0310/193117.682:ERROR:crash_report_database_win.cc(580)] CreateDirectory C:\ProgramData\Safe Family\Logs: Access is denied. (0x5)
[0310/193117.687:ERROR:registration_protocol_win.cc(84)] TransactNamedPipe: The pipe has been ended. (0x6D)
[0310/193117.688:ERROR:crash_report_database_win.cc(580)] CreateDirectory C:\ProgramData\Safe Family\Logs: Access is denied. (0x5)
[0310/195904.119:ERROR:crash_report_database_win.cc(580)] CreateDirectory C:\ProgramData\Safe Family\Logs: Access is denied. (0x5)
[0310/195904.129:ERROR:registration_protocol_win.cc(84)] TransactNamedPipe: The pipe has been ended. (0x6D)
[0310/195904.130:ERROR:crash_report_database_win.cc(580)] CreateDirectory C:\ProgramData\Safe Family\Logs: Access is denied. (0x5)
[0310/200007.639:ERROR:crash_report_database_win.cc(580)] CreateDirectory C:\ProgramData\Safe Family\Logs: Access is denied. (0x5)
[0310/200007.653:ERROR:registration_protocol_win.cc(84)] TransactNamedPipe: The pipe has been ended. (0x6D)
[0310/200007.655:ERROR:crash_report_database_win.cc(580)] CreateDirectory C:\ProgramData\Safe Family\Logs: Access is denied. (0x5)
[0310/200223.752:ERROR:crash_report_database_win.cc(580)] CreateDirectory C:\ProgramData\Safe Family\Logs: Access is denied. (0x5)
[0310/200223.767:ERROR:registration_protocol_win.cc(84)] TransactNamedPipe: The pipe has been ended. (0x6D)
[0310/200223.769:ERROR:crash_report_database_win.cc(580)] CreateDirectory C:\ProgramData\Safe Family\Logs: Access is denied. (0x5)
[0311/092057.096:ERROR:crash_report_database_win.cc(580)] CreateDirectory C:\ProgramData\Safe Family\Logs: Access is denied. (0x5)
[0311/092057.102:ERROR:registration_protocol_win.cc(84)] TransactNamedPipe: The pipe has been ended. (0x6D)
[0311/092057.103:ERROR:crash_report_database_win.cc(580)] CreateDirectory C:\ProgramData\Safe Family\Logs: Access is denied. (0x5)
[0311/092234.709:ERROR:crash_report_database_win.cc(580)] CreateDirectory C:\ProgramData\Safe Family\Logs: Access is denied. (0x5)
[0311/092234.714:ERROR:registration_protocol_win.cc(84)] TransactNamedPipe: The pipe has been ended. (0x6D)
[0311/092234.715:ERROR:crash_report_database_win.cc(580)] CreateDirectory C:\ProgramData\Safe Family\Logs: Access is denied. (0x5)
[0311/092309.577:ERROR:crash_report_database_win.cc(580)] CreateDirectory C:\ProgramData\Safe Family\Logs: Access is denied. (0x5)
[0311/092309.581:ERROR:registration_protocol_win.cc(84)] TransactNamedPipe: The pipe has been ended. (0x6D)
[0311/092309.582:ERROR:crash_report_database_win.cc(580)] CreateDirectory C:\ProgramData\Safe Family\Logs: Access is denied. (0x5)
[0311/092402.626:ERROR:crash_report_database_win.cc(580)] CreateDirectory C:\ProgramData\Safe Family\Logs: Access is denied. (0x5)
[0311/092402.631:ERROR:registration_protocol_win.cc(84)] TransactNamedPipe: The pipe has been ended. (0x6D)
[0311/092402.631:ERROR:crash_report_database_win.cc(580)] CreateDirectory C:\ProgramData\Safe Family\Logs: Access is denied. (0x5)
[0311/093820.120:ERROR:crash_report_database_win.cc(580)] CreateDirectory C:\ProgramData\Safe Family\Logs: Access is denied. (0x5)
[0311/093820.125:ERROR:registration_protocol_win.cc(84)] TransactNamedPipe: The pipe has been ended. (0x6D)
[0311/093820.126:ERROR:crash_report_database_win.cc(580)] CreateDirectory C:\ProgramData\Safe Family\Logs: Access is denied. (0x5)
[0311/095308.239:ERROR:crash_report_database_win.cc(580)] CreateDirectory C:\ProgramData\Safe Family\Logs: Access is denied. (0x5)
[0311/095308.246:ERROR:registration_protocol_win.cc(84)] TransactNamedPipe: The pipe has been ended. (0x6D)
[0311/095308.248:ERROR:crash_report_database_win.cc(580)] CreateDirectory C:\ProgramData\Safe Family\Logs: Access is denied. (0x5)
[0311/110824.558:ERROR:crash_report_database_win.cc(580)] CreateDirectory C:\ProgramData\Safe Family\Logs: Access is denied. (0x5)
[0311/110824.563:ERROR:registration_protocol_win.cc(84)] TransactNamedPipe: The pipe has been ended. (0x6D)
[0311/110824.564:ERROR:crash_report_database_win.cc(580)] CreateDirectory C:\ProgramData\Safe Family\Logs: Access is denied. (0x5)
[0311/190845.156:ERROR:crash_report_database_win.cc(580)] CreateDirectory C:\ProgramData\Safe Family\Logs: Access is denied. (0x5)
[0311/190845.161:ERROR:registration_protocol_win.cc(84)] TransactNamedPipe: The pipe has been ended. (0x6D)
[0311/190845.162:ERROR:crash_report_database_win.cc(580)] CreateDirectory C:\ProgramData\Safe Family\Logs: Access is denied. (0x5)
[0311/203831.435:ERROR:crash_report_database_win.cc(580)] CreateDirectory C:\ProgramData\Safe Family\Logs: Access is denied. (0x5)
[0311/203831.440:ERROR:registration_protocol_win.cc(84)] TransactNamedPipe: The pipe has been ended. (0x6D)
[0311/203831.441:ERROR:crash_report_database_win.cc(580)] CreateDirectory C:\ProgramData\Safe Family\Logs: Access is denied. (0x5)
[0311/223201.194:ERROR:crash_report_database_win.cc(580)] CreateDirectory C:\ProgramData\Safe Family\Logs: Access is denied. (0x5)
[0311/223201.199:ERROR:registration_protocol_win.cc(84)] TransactNamedPipe: The pipe has been ended. (0x6D)
[0311/223201.200:ERROR:crash_report_database_win.cc(580)] CreateDirectory C:\ProgramData\Safe Family\Logs: Access is denied. (0x5)
[0311/223927.682:ERROR:crash_report_database_win.cc(580)] CreateDirectory C:\ProgramData\Safe Family\Logs: Access is denied. (0x5)
[0311/223927.688:ERROR:registration_protocol_win.cc(84)] TransactNamedPipe: The pipe has been ended. (0x6D)
[0311/223927.689:ERROR:crash_report_database_win.cc(580)] CreateDirectory C:\ProgramData\Safe Family\Logs: Access is denied. (0x5)
[0311/225156.612:ERROR:crash_report_database_win.cc(580)] CreateDirectory C:\ProgramData\Safe Family\Logs: Access is denied. (0x5)
[0311/225156.617:ERROR:registration_protocol_win.cc(84)] TransactNamedPipe: The pipe has been ended. (0x6D)
[0311/225156.618:ERROR:crash_report_database_win.cc(580)] CreateDirectory C:\ProgramData\Safe Family\Logs: Access is denied. (0x5)
[0311/230929.186:ERROR:crash_report_database_win.cc(580)] CreateDirectory C:\ProgramData\Safe Family\Logs: Access is denied. (0x5)
[0311/230929.192:ERROR:registration_protocol_win.cc(84)] TransactNamedPipe: The pipe has been ended. (0x6D)
[0311/230929.194:ERROR:crash_report_database_win.cc(580)] CreateDirectory C:\ProgramData\Safe Family\Logs: Access is denied. (0x5)
[0311/231005.545:ERROR:crash_report_database_win.cc(580)] CreateDirectory C:\ProgramData\Safe Family\Logs: Access is denied. (0x5)
[0311/231005.557:ERROR:registration_protocol_win.cc(84)] TransactNamedPipe: The pipe has been ended. (0x6D)
[0311/231005.559:ERROR:crash_report_database_win.cc(580)] CreateDirectory C:\ProgramData\Safe Family\Logs: Access is denied. (0x5)
[0312/001510.938:ERROR:crash_report_database_win.cc(580)] CreateDirectory C:\ProgramData\Safe Family\Logs: Access is denied. (0x5)
[0312/001510.942:ERROR:registration_protocol_win.cc(84)] TransactNamedPipe: The pipe has been ended. (0x6D)
[0312/001510.943:ERROR:crash_report_database_win.cc(580)] CreateDirectory C:\ProgramData\Safe Family\Logs: Access is denied. (0x5)
[0312/001637.390:ERROR:crash_report_database_win.cc(580)] CreateDirectory C:\ProgramData\Safe Family\Logs: Access is denied. (0x5)
[0312/001637.395:ERROR:registration_protocol_win.cc(84)] TransactNamedPipe: The pipe has been ended. (0x6D)
[0312/001637.396:ERROR:crash_report_database_win.cc(580)] CreateDirectory C:\ProgramData\Safe Family\Logs: Access is denied. (0x5)
[0312/095852.422:ERROR:crash_report_database_win.cc(580)] CreateDirectory C:\ProgramData\Safe Family\Logs: Access is denied. (0x5)
[0312/095852.426:ERROR:registration_protocol_win.cc(84)] TransactNamedPipe: The pipe has been ended. (0x6D)
[0312/095852.427:ERROR:crash_report_database_win.cc(580)] CreateDirectory C:\ProgramData\Safe Family\Logs: Access is denied. (0x5)
[0312/101720.892:ERROR:crash_report_database_win.cc(580)] CreateDirectory C:\ProgramData\Safe Family\Logs: Access is denied. (0x5)
[0312/101720.896:ERROR:registration_protocol_win.cc(84)] TransactNamedPipe: The pipe has been ended. (0x6D)
[0312/101720.897:ERROR:crash_report_database_win.cc(580)] CreateDirectory C:\ProgramData\Safe Family\Logs: Access is denied. (0x5)
[0312/143002.966:ERROR:crash_report_database_win.cc(580)] CreateDirectory C:\ProgramData\Safe Family\Logs: Access is denied. (0x5)
[0312/143002.972:ERROR:registration_protocol_win.cc(84)] TransactNamedPipe: The pipe has been ended. (0x6D)
[0312/143002.973:ERROR:crash_report_database_win.cc(580)] CreateDirectory C:\ProgramData\Safe Family\Logs: Access is denied. (0x5)
[0312/145339.673:ERROR:crash_report_database_win.cc(580)] CreateDirectory C:\ProgramData\Safe Family\Logs: Access is denied. (0x5)
[0312/145339.678:ERROR:registration_protocol_win.cc(84)] TransactNamedPipe: The pipe has been ended. (0x6D)
[0312/145339.679:ERROR:crash_report_database_win.cc(580)] CreateDirectory C:\ProgramData\Safe Family\Logs: Access is denied. (0x5)
[0312/161053.108:ERROR:crash_report_database_win.cc(580)] CreateDirectory C:\ProgramData\Safe Family\Logs: Access is denied. (0x5)
[0312/161053.115:ERROR:registration_protocol_win.cc(84)] TransactNamedPipe: The pipe has been ended. (0x6D)
[0312/161053.116:ERROR:crash_report_database_win.cc(580)] CreateDirectory C:\ProgramData\Safe Family\Logs: Access is denied. (0x5)
[0312/165140.858:ERROR:crash_report_database_win.cc(580)] CreateDirectory C:\ProgramData\Safe Family\Logs: Access is denied. (0x5)
[0312/165140.862:ERROR:registration_protocol_win.cc(84)] TransactNamedPipe: The pipe has been ended. (0x6D)
[0312/165140.863:ERROR:crash_report_database_win.cc(580)] CreateDirectory C:\ProgramData\Safe Family\Logs: Access is denied. (0x5)
[0312/195140.588:ERROR:crash_report_database_win.cc(580)] CreateDirectory C:\ProgramData\Safe Family\Logs: Access is denied. (0x5)
[0312/195140.597:ERROR:registration_protocol_win.cc(84)] TransactNamedPipe: The pipe has been ended. (0x6D)
[0312/195140.598:ERROR:crash_report_database_win.cc(580)] CreateDirectory C:\ProgramData\Safe Family\Logs: Access is denied. (0x5)
[0312/213431.605:ERROR:crash_report_database_win.cc(580)] CreateDirectory C:\ProgramData\Safe Family\Logs: Access is denied. (0x5)
[0312/213431.611:ERROR:registration_protocol_win.cc(84)] TransactNamedPipe: The pipe has been ended. (0x6D)
[0312/213431.612:ERROR:crash_report_database_win.cc(580)] CreateDirectory C:\ProgramData\Safe Family\Logs: Access is denied. (0x5)
[0312/220530.634:ERROR:crash_report_database_win.cc(580)] CreateDirectory C:\ProgramData\Safe Family\Logs: Access is denied. (0x5)
[0312/220530.645:ERROR:registration_protocol_win.cc(84)] TransactNamedPipe: The pipe has been ended. (0x6D)
[0312/220530.646:ERROR:crash_report_database_win.cc(580)] CreateDirectory C:\ProgramData\Safe Family\Logs: Access is denied. (0x5)
[0312/222539.226:ERROR:crash_report_database_win.cc(580)] CreateDirectory C:\ProgramData\Safe Family\Logs: Access is denied. (0x5)
[0312/222539.240:ERROR:registration_protocol_win.cc(84)] TransactNamedPipe: The pipe has been ended. (0x6D)
[0312/222539.242:ERROR:crash_report_database_win.cc(580)] CreateDirectory C:\ProgramData\Safe Family\Logs: Access is denied. (0x5)
[0410/181313.030:ERROR:crash_report_database_win.cc(580)] CreateDirectory C:\ProgramData\Safe Family\Logs: Access is denied. (0x5)
[0410/181313.038:ERROR:registration_protocol_win.cc(84)] TransactNamedPipe: The pipe has been ended. (0x6D)
[0410/181313.040:ERROR:crash_report_database_win.cc(580)] CreateDirectory C:\ProgramData\Safe Family\Logs: Access is denied. (0x5)
[0410/181557.258:ERROR:crash_report_database_win.cc(580)] CreateDirectory C:\ProgramData\Safe Family\Logs: Access is denied. (0x5)
[0410/181557.266:ERROR:registration_protocol_win.cc(84)] TransactNamedPipe: The pipe has been ended. (0x6D)
[0410/181557.267:ERROR:crash_report_database_win.cc(580)] CreateDirectory C:\ProgramData\Safe Family\Logs: Access is denied. (0x5)
[0410/181741.702:ERROR:crash_report_database_win.cc(580)] CreateDirectory C:\ProgramData\Safe Family\Logs: Access is denied. (0x5)
[0410/181741.712:ERROR:registration_protocol_win.cc(84)] TransactNamedPipe: The pipe has been ended. (0x6D)
[0410/181741.714:ERROR:crash_report_database_win.cc(580)] CreateDirectory C:\ProgramData\Safe Family\Logs: Access is denied. (0x5)
[0419/190051.494:ERROR:crash_report_database_win.cc(580)] CreateDirectory C:\ProgramData\Safe Family\Logs: Access is denied. (0x5)
[0419/190051.500:ERROR:registration_protocol_win.cc(84)] TransactNamedPipe: The pipe has been ended. (0x6D)
[0419/190051.501:ERROR:crash_report_database_win.cc(580)] CreateDirectory C:\ProgramData\Safe Family\Logs: Access is denied. (0x5)
[0419/204640.969:ERROR:crash_report_database_win.cc(580)] CreateDirectory C:\ProgramData\Safe Family\Logs: Access is denied. (0x5)
[0419/204640.973:ERROR:registration_protocol_win.cc(84)] TransactNamedPipe: The pipe has been ended. (0x6D)
[0419/204640.974:ERROR:crash_report_database_win.cc(580)] CreateDirectory C:\ProgramData\Safe Family\Logs: Access is denied. (0x5)
[0419/205407.231:ERROR:crash_report_database_win.cc(580)] CreateDirectory C:\ProgramData\Safe Family\Logs: Access is denied. (0x5)
[0419/205407.236:ERROR:registration_protocol_win.cc(84)] TransactNamedPipe: The pipe has been ended. (0x6D)
[0419/205407.237:ERROR:crash_report_database_win.cc(580)] CreateDirectory C:\ProgramData\Safe Family\Logs: Access is denied. (0x5)
[0420/205452.160:ERROR:crash_report_database_win.cc(580)] CreateDirectory C:\ProgramData\Safe Family\Logs: Access is denied. (0x5)
[0420/205452.167:ERROR:registration_protocol_win.cc(84)] TransactNamedPipe: The pipe has been ended. (0x6D)
[0420/205452.168:ERROR:crash_report_database_win.cc(580)] CreateDirectory C:\ProgramData\Safe Family\Logs: Access is denied. (0x5)
[0420/213001.689:ERROR:crash_report_database_win.cc(580)] CreateDirectory C:\ProgramData\Safe Family\Logs: Access is denied. (0x5)
[0420/213001.711:ERROR:registration_protocol_win.cc(84)] TransactNamedPipe: The pipe has been ended. (0x6D)
[0420/213001.714:ERROR:crash_report_database_win.cc(580)] CreateDirectory C:\ProgramData\Safe Family\Logs: Access is denied. (0x5)
[0420/214408.694:ERROR:crash_report_database_win.cc(580)] CreateDirectory C:\ProgramData\Safe Family\Logs: Access is denied. (0x5)
[0420/214408.706:ERROR:registration_protocol_win.cc(84)] TransactNamedPipe: The pipe has been ended. (0x6D)
[0420/214408.708:ERROR:crash_report_database_win.cc(580)] CreateDirectory C:\ProgramData\Safe Family\Logs: Access is denied. (0x5)
[0421/123411.672:ERROR:crash_report_database_win.cc(580)] CreateDirectory C:\ProgramData\Safe Family\Logs: Access is denied. (0x5)
[0421/123411.677:ERROR:registration_protocol_win.cc(84)] TransactNamedPipe: The pipe has been ended. (0x6D)
[0421/123411.678:ERROR:crash_report_database_win.cc(580)] CreateDirectory C:\ProgramData\Safe Family\Logs: Access is denied. (0x5)
<<<<<<< Updated upstream
=======
[0421/180113.299:ERROR:crash_report_database_win.cc(580)] CreateDirectory C:\ProgramData\Safe Family\Logs: Access is denied. (0x5)
[0421/180113.305:ERROR:registration_protocol_win.cc(84)] TransactNamedPipe: The pipe has been ended. (0x6D)
[0421/180113.306:ERROR:crash_report_database_win.cc(580)] CreateDirectory C:\ProgramData\Safe Family\Logs: Access is denied. (0x5)
[0422/005249.708:ERROR:crash_report_database_win.cc(580)] CreateDirectory C:\ProgramData\Safe Family\Logs: Access is denied. (0x5)
[0422/005249.715:ERROR:registration_protocol_win.cc(84)] TransactNamedPipe: The pipe has been ended. (0x6D)
[0422/005249.717:ERROR:crash_report_database_win.cc(580)] CreateDirectory C:\ProgramData\Safe Family\Logs: Access is denied. (0x5)
[0422/012857.586:ERROR:crash_report_database_win.cc(580)] CreateDirectory C:\ProgramData\Safe Family\Logs: Access is denied. (0x5)
[0422/012857.597:ERROR:registration_protocol_win.cc(84)] TransactNamedPipe: The pipe has been ended. (0x6D)
[0422/012857.599:ERROR:crash_report_database_win.cc(580)] CreateDirectory C:\ProgramData\Safe Family\Logs: Access is denied. (0x5)
[0422/013421.344:ERROR:crash_report_database_win.cc(580)] CreateDirectory C:\ProgramData\Safe Family\Logs: Access is denied. (0x5)
[0422/013421.352:ERROR:registration_protocol_win.cc(131)] TransactNamedPipe: The pipe has been ended. (0x6D)
[0422/013421.353:ERROR:crash_report_database_win.cc(580)] CreateDirectory C:\ProgramData\Safe Family\Logs: Access is denied. (0x5)
[0422/014455.894:ERROR:crash_report_database_win.cc(580)] CreateDirectory C:\ProgramData\Safe Family\Logs: Access is denied. (0x5)
[0422/014455.904:ERROR:registration_protocol_win.cc(131)] TransactNamedPipe: The pipe has been ended. (0x6D)
[0422/014455.905:ERROR:crash_report_database_win.cc(580)] CreateDirectory C:\ProgramData\Safe Family\Logs: Access is denied. (0x5)
[0422/014842.741:ERROR:crash_report_database_win.cc(580)] CreateDirectory C:\ProgramData\Safe Family\Logs: Access is denied. (0x5)
[0422/014842.753:ERROR:registration_protocol_win.cc(131)] TransactNamedPipe: The pipe has been ended. (0x6D)
[0422/014842.755:ERROR:crash_report_database_win.cc(580)] CreateDirectory C:\ProgramData\Safe Family\Logs: Access is denied. (0x5)
[0422/015555.781:ERROR:crash_report_database_win.cc(580)] CreateDirectory C:\ProgramData\Safe Family\Logs: Access is denied. (0x5)
[0422/015555.794:ERROR:registration_protocol_win.cc(131)] TransactNamedPipe: The pipe has been ended. (0x6D)
[0422/015555.795:ERROR:crash_report_database_win.cc(580)] CreateDirectory C:\ProgramData\Safe Family\Logs: Access is denied. (0x5)
[0422/020820.675:ERROR:crash_report_database_win.cc(580)] CreateDirectory C:\ProgramData\Safe Family\Logs: Access is denied. (0x5)
[0422/020820.681:ERROR:registration_protocol_win.cc(131)] TransactNamedPipe: The pipe has been ended. (0x6D)
[0422/020820.682:ERROR:crash_report_database_win.cc(580)] CreateDirectory C:\ProgramData\Safe Family\Logs: Access is denied. (0x5)
[0425/124229.093:ERROR:crash_report_database_win.cc(580)] CreateDirectory C:\ProgramData\Safe Family\Logs: Access is denied. (0x5)
[0425/124229.102:ERROR:registration_protocol_win.cc(131)] TransactNamedPipe: The pipe has been ended. (0x6D)
[0425/124229.103:ERROR:crash_report_database_win.cc(580)] CreateDirectory C:\ProgramData\Safe Family\Logs: Access is denied. (0x5)
[0425/125309.648:ERROR:crash_report_database_win.cc(580)] CreateDirectory C:\ProgramData\Safe Family\Logs: Access is denied. (0x5)
[0425/125309.659:ERROR:registration_protocol_win.cc(131)] TransactNamedPipe: The pipe has been ended. (0x6D)
[0425/125309.661:ERROR:crash_report_database_win.cc(580)] CreateDirectory C:\ProgramData\Safe Family\Logs: Access is denied. (0x5)
[0425/130302.391:ERROR:crash_report_database_win.cc(580)] CreateDirectory C:\ProgramData\Safe Family\Logs: Access is denied. (0x5)
[0425/130302.402:ERROR:registration_protocol_win.cc(131)] TransactNamedPipe: The pipe has been ended. (0x6D)
[0425/130302.403:ERROR:crash_report_database_win.cc(580)] CreateDirectory C:\ProgramData\Safe Family\Logs: Access is denied. (0x5)
[0425/130534.655:ERROR:crash_report_database_win.cc(580)] CreateDirectory C:\ProgramData\Safe Family\Logs: Access is denied. (0x5)
[0425/130534.661:ERROR:registration_protocol_win.cc(131)] TransactNamedPipe: The pipe has been ended. (0x6D)
[0425/130534.662:ERROR:crash_report_database_win.cc(580)] CreateDirectory C:\ProgramData\Safe Family\Logs: Access is denied. (0x5)
>>>>>>> Stashed changes
[0425/213002.786:ERROR:crash_report_database_win.cc(580)] CreateDirectory C:\ProgramData\Safe Family\Logs: Access is denied. (0x5)
[0425/213002.801:ERROR:registration_protocol_win.cc(131)] TransactNamedPipe: The pipe has been ended. (0x6D)
[0425/213002.803:ERROR:crash_report_database_win.cc(580)] CreateDirectory C:\ProgramData\Safe Family\Logs: Access is denied. (0x5)
[0425/234000.522:ERROR:crash_report_database_win.cc(580)] CreateDirectory C:\ProgramData\Safe Family\Logs: Access is denied. (0x5)
[0425/234000.535:ERROR:registration_protocol_win.cc(131)] TransactNamedPipe: The pipe has been ended. (0x6D)
[0425/234000.537:ERROR:crash_report_database_win.cc(580)] CreateDirectory C:\ProgramData\Safe Family\Logs: Access is denied. (0x5)
[0426/015104.072:ERROR:crash_report_database_win.cc(580)] CreateDirectory C:\ProgramData\Safe Family\Logs: Access is denied. (0x5)
[0426/015104.077:ERROR:registration_protocol_win.cc(131)] TransactNamedPipe: The pipe has been ended. (0x6D)
[0426/015104.078:ERROR:crash_report_database_win.cc(580)] CreateDirectory C:\ProgramData\Safe Family\Logs: Access is denied. (0x5)
[0426/020300.086:ERROR:crash_report_database_win.cc(580)] CreateDirectory C:\ProgramData\Safe Family\Logs: Access is denied. (0x5)
[0426/020300.096:ERROR:registration_protocol_win.cc(131)] TransactNamedPipe: The pipe has been ended. (0x6D)
[0426/020300.097:ERROR:crash_report_database_win.cc(580)] CreateDirectory C:\ProgramData\Safe Family\Logs: Access is denied. (0x5)
[0426/021921.644:ERROR:crash_report_database_win.cc(580)] CreateDirectory C:\ProgramData\Safe Family\Logs: Access is denied. (0x5)
[0426/021921.651:ERROR:registration_protocol_win.cc(131)] TransactNamedPipe: The pipe has been ended. (0x6D)
[0426/021921.652:ERROR:crash_report_database_win.cc(580)] CreateDirectory C:\ProgramData\Safe Family\Logs: Access is denied. (0x5)
[0426/022404.344:ERROR:crash_report_database_win.cc(580)] CreateDirectory C:\ProgramData\Safe Family\Logs: Access is denied. (0x5)
[0426/022404.354:ERROR:registration_protocol_win.cc(131)] TransactNamedPipe: The pipe has been ended. (0x6D)
[0426/022404.356:ERROR:crash_report_database_win.cc(580)] CreateDirectory C:\ProgramData\Safe Family\Logs: Access is denied. (0x5)
[0426/023058.913:ERROR:crash_report_database_win.cc(580)] CreateDirectory C:\ProgramData\Safe Family\Logs: Access is denied. (0x5)
[0426/023058.923:ERROR:registration_protocol_win.cc(131)] TransactNamedPipe: The pipe has been ended. (0x6D)
[0426/023058.924:ERROR:crash_report_database_win.cc(580)] CreateDirectory C:\ProgramData\Safe Family\Logs: Access is denied. (0x5)
[0426/025027.974:ERROR:crash_report_database_win.cc(580)] CreateDirectory C:\ProgramData\Safe Family\Logs: Access is denied. (0x5)
[0426/025027.984:ERROR:registration_protocol_win.cc(131)] TransactNamedPipe: The pipe has been ended. (0x6D)
[0426/025027.986:ERROR:crash_report_database_win.cc(580)] CreateDirectory C:\ProgramData\Safe Family\Logs: Access is denied. (0x5)
[0426/025738.961:ERROR:crash_report_database_win.cc(580)] CreateDirectory C:\ProgramData\Safe Family\Logs: Access is denied. (0x5)
[0426/025738.967:ERROR:registration_protocol_win.cc(131)] TransactNamedPipe: The pipe has been ended. (0x6D)
[0426/025738.968:ERROR:crash_report_database_win.cc(580)] CreateDirectory C:\ProgramData\Safe Family\Logs: Access is denied. (0x5)
[0426/030131.413:ERROR:crash_report_database_win.cc(580)] CreateDirectory C:\ProgramData\Safe Family\Logs: Access is denied. (0x5)
[0426/030131.423:ERROR:registration_protocol_win.cc(131)] TransactNamedPipe: The pipe has been ended. (0x6D)
[0426/030131.425:ERROR:crash_report_database_win.cc(580)] CreateDirectory C:\ProgramData\Safe Family\Logs: Access is denied. (0x5)
[0426/033002.231:ERROR:crash_report_database_win.cc(580)] CreateDirectory C:\ProgramData\Safe Family\Logs: Access is denied. (0x5)
[0426/033002.240:ERROR:registration_protocol_win.cc(131)] TransactNamedPipe: The pipe has been ended. (0x6D)
[0426/033002.241:ERROR:crash_report_database_win.cc(580)] CreateDirectory C:\ProgramData\Safe Family\Logs: Access is denied. (0x5)
